<?xml version="1.0" encoding="UTF-8"?>
<!-- Generated by org.testng.reporters.JUnitReportReporter -->
<testsuite hostname="yangxiaobin" name="cn.test.framework.tests.UITest" tests="1" failures="0" timestamp="13 Sep 2017 02:33:51 GMT" time="6.059" errors="0">
  <testcase name="testLoginPage" time="6.059" classname="cn.test.framework.tests.UITest"/>
</testsuite> <!-- cn.test.framework.tests.UITest -->
