<?xml version="1.0" encoding="UTF-8"?>
<!-- Generated by org.testng.reporters.JUnitReportReporter -->
<testsuite hostname="LAPTOP-AQ50KAH1" name="cn.test.framework.tests.BakeTest" tests="1" failures="0" timestamp="15 Mar 2018 08:21:46 GMT" time="34.397" errors="0">
  <testcase name="contractUpload" time="34.397" classname="cn.test.framework.tests.BakeTest"/>
</testsuite> <!-- cn.test.framework.tests.BakeTest -->
