<?xml version="1.0" encoding="UTF-8"?>
<!-- Generated by org.testng.reporters.JUnitReportReporter -->
<testsuite hostname="yangxiaobin" name="cn.test.framework.tests.UITest" tests="1" failures="0" timestamp="12 Sep 2017 08:09:57 GMT" time="5.851" errors="0">
  <testcase name="testLoginPage" time="5.851" classname="cn.test.framework.tests.UITest"/>
</testsuite> <!-- cn.test.framework.tests.UITest -->
