<?xml version="1.0" encoding="UTF-8"?>
<!-- Generated by org.testng.reporters.JUnitReportReporter -->
<testsuite hostname="yangxiaobin" name="cn.test.framework.tests.UITest" tests="1" failures="0" timestamp="5 Sep 2017 06:38:09 GMT" time="5.666" errors="0">
  <testcase name="testLoginPage" time="5.666" classname="cn.test.framework.tests.UITest"/>
</testsuite> <!-- cn.test.framework.tests.UITest -->
